{
  "RSpec": {
    "coverage": {
      "/home/ba/work/bhl_rails4/spec/models/activity_spec.rb": [
        1,
        null,
        1,
        1,
        null
      ],
      "/home/ba/work/bhl_rails4/spec/rails_helper.rb": [
        null,
        1,
        1,
        null,
        1,
        1,
        1,
        null,
        null,
        null,
        null,
        null,
        null,
        null,
        null,
        null,
        null,
        null,
        null,
        null,
        null,
        null,
        null,
        null,
        null,
        null,
        1,
        null,
        1,
        null,
        1,
        null,
        null,
        null,
        null,
        1,
        null,
        null,
        null,
        null,
        null,
        null,
        null,
        null,
        null,
        null,
        null,
        null,
        null,
        null,
        1,
        null
      ],
      "/home/ba/work/bhl_rails4/app/helpers/application_helper.rb": [
        1,
        null
      ],
      "/home/ba/work/bhl_rails4/app/models/activity.rb": [
        1,
        1,
        null
      ],
      "/home/ba/work/bhl_rails4/spec/models/annotation_spec.rb": [
        1,
        null,
        1,
        1,
        null
      ],
      "/home/ba/work/bhl_rails4/app/models/annotation.rb": [
        1,
        1,
        null
      ],
      "/home/ba/work/bhl_rails4/spec/models/author_spec.rb": [
        1,
        null,
        1,
        1,
        null
      ],
      "/home/ba/work/bhl_rails4/app/models/author.rb": [
        1,
        1,
        null
      ],
      "/home/ba/work/bhl_rails4/spec/models/bhl_statistic_spec.rb": [
        1,
        null,
        1,
        1,
        null
      ],
      "/home/ba/work/bhl_rails4/app/models/bhl_statistic.rb": [
        1,
        null
      ],
      "/home/ba/work/bhl_rails4/spec/models/book_spec.rb": [
        1,
        null,
        1,
        1,
        null
      ],
      "/home/ba/work/bhl_rails4/app/models/book.rb": [
        1,
        1,
        1,
        1,
        1,
        1,
        null
      ],
      "/home/ba/work/bhl_rails4/spec/models/bookstatus_spec.rb": [
        1,
        null,
        1,
        1,
        null
      ],
      "/home/ba/work/bhl_rails4/app/models/bookstatus.rb": [
        1,
        1,
        null
      ],
      "/home/ba/work/bhl_rails4/spec/models/collection_rating_spec.rb": [
        1,
        null,
        1,
        1,
        null
      ],
      "/home/ba/work/bhl_rails4/app/models/collection_rating.rb": [
        1,
        1,
        1,
        null
      ],
      "/home/ba/work/bhl_rails4/spec/models/collection_spec.rb": [
        1,
        null,
        1,
        1,
        null
      ],
      "/home/ba/work/bhl_rails4/app/models/collection.rb": [
        1,
        1,
        1,
        1,
        null
      ],
      "/home/ba/work/bhl_rails4/spec/models/comment_spec.rb": [
        1,
        null,
        1,
        1,
        null
      ],
      "/home/ba/work/bhl_rails4/app/models/comment.rb": [
        1,
        1,
        null
      ],
      "/home/ba/work/bhl_rails4/spec/models/country_spec.rb": [
        1,
        null,
        1,
        1,
        null
      ],
      "/home/ba/work/bhl_rails4/app/models/country.rb": [
        1,
        null
      ],
      "/home/ba/work/bhl_rails4/spec/models/email_message_spec.rb": [
        1,
        null,
        1,
        1,
        null
      ],
      "/home/ba/work/bhl_rails4/app/models/email_message.rb": [
        1,
        null
      ],
      "/home/ba/work/bhl_rails4/spec/models/hierarchy_entry_spec.rb": [
        1,
        null,
        1,
        1,
        null
      ],
      "/home/ba/work/bhl_rails4/app/models/hierarchy_entry.rb": [
        1,
        1,
        null
      ],
      "/home/ba/work/bhl_rails4/spec/models/hierarchy_spec.rb": [
        1,
        null,
        1,
        1,
        null
      ],
      "/home/ba/work/bhl_rails4/app/models/hierarchy.rb": [
        1,
        null
      ],
      "/home/ba/work/bhl_rails4/spec/models/language_spec.rb": [
        1,
        null,
        1,
        1,
        null
      ],
      "/home/ba/work/bhl_rails4/app/models/language.rb": [
        1,
        1,
        null
      ],
      "/home/ba/work/bhl_rails4/spec/models/location_spec.rb": [
        1,
        null,
        1,
        1,
        null
      ],
      "/home/ba/work/bhl_rails4/app/models/location.rb": [
        1,
        1,
        1,
        null
      ],
      "/home/ba/work/bhl_rails4/spec/models/notifier_spec.rb": [
        1,
        null,
        1,
        1,
        null
      ],
      "/home/ba/work/bhl_rails4/app/models/notifier.rb": [
        1,
        null
      ],
      "/home/ba/work/bhl_rails4/spec/models/query_spec.rb": [
        1,
        null,
        1,
        1,
        null
      ],
      "/home/ba/work/bhl_rails4/app/models/query.rb": [
        1,
        1,
        null
      ],
      "/home/ba/work/bhl_rails4/spec/models/subject_spec.rb": [
        1,
        null,
        1,
        1,
        null
      ],
      "/home/ba/work/bhl_rails4/app/models/subject.rb": [
        1,
        1,
        null
      ],
      "/home/ba/work/bhl_rails4/spec/models/user_spec.rb": [
        1,
        null,
        1,
        1,
        null
      ],
      "/home/ba/work/bhl_rails4/app/models/user.rb": [
        1,
        1,
        1,
        1,
        null
      ],
      "/home/ba/work/bhl_rails4/spec/models/user_volume_history_spec.rb": [
        1,
        null,
        1,
        1,
        null
      ],
      "/home/ba/work/bhl_rails4/app/models/user_volume_history.rb": [
        1,
        1,
        1,
        null
      ],
      "/home/ba/work/bhl_rails4/spec/models/volume_rating_spec.rb": [
        1,
        null,
        1,
        1,
        null
      ],
      "/home/ba/work/bhl_rails4/app/models/volume_rating.rb": [
        1,
        1,
        1,
        null
      ],
      "/home/ba/work/bhl_rails4/spec/models/volume_spec.rb": [
        1,
        null,
        1,
        1,
        null
      ],
      "/home/ba/work/bhl_rails4/app/models/volume.rb": [
        1,
        1,
        1,
        null
      ],
      "/home/ba/work/bhl_rails4/spec/models/volumestatus_spec.rb": [
        1,
        null,
        1,
        1,
        null
      ],
      "/home/ba/work/bhl_rails4/app/models/volumestatus.rb": [
        1,
        1,
        null
      ]
    },
    "timestamp": 1440589583
  }
}
